[0m19:43:22  Running with dbt=1.10.13
[0m19:43:23  Registered adapter: postgres=1.9.1
[0m19:43:23  Found 6 models, 7 data tests, 3 sources, 450 macros
[0m19:43:23  
[0m19:43:23  Concurrency: 4 threads (target='dev')
[0m19:43:23  
[0m19:43:23  1 of 6 START sql view model staging.stg_aq__measurements ....................... [RUN]
[0m19:43:23  2 of 6 START sql view model staging.stg_weather__hourly ........................ [RUN]
[0m19:43:23  1 of 6 OK created sql view model staging.stg_aq__measurements .................. [[32mCREATE VIEW[0m in 0.05s]
[0m19:43:23  2 of 6 OK created sql view model staging.stg_weather__hourly ................... [[32mCREATE VIEW[0m in 0.05s]
[0m19:43:23  3 of 6 START sql view model staging.core_weather__hourly ....................... [RUN]
[0m19:43:23  4 of 6 START sql table model marts.fct_weather__daily .......................... [RUN]
[0m19:43:23  5 of 6 START sql view model staging.stg_weather__observations .................. [RUN]
[0m19:43:24  3 of 6 OK created sql view model staging.core_weather__hourly .................. [[32mCREATE VIEW[0m in 0.04s]
[0m19:43:24  5 of 6 OK created sql view model staging.stg_weather__observations ............. [[32mCREATE VIEW[0m in 0.04s]
[0m19:43:24  6 of 6 START sql view model marts.mart_city__daily_stats ....................... [RUN]
[0m19:43:24  4 of 6 OK created sql table model marts.fct_weather__daily ..................... [[32mSELECT 25[0m in 0.08s]
[0m19:43:24  6 of 6 OK created sql view model marts.mart_city__daily_stats .................. [[32mCREATE VIEW[0m in 0.04s]
[0m19:43:24  
[0m19:43:24  Finished running 1 table model, 5 view models in 0 hours 0 minutes and 0.22 seconds (0.22s).
[0m19:43:24  
[0m19:43:24  [32mCompleted successfully[0m
[0m19:43:24  
[0m19:43:24  Done. PASS=6 WARN=0 ERROR=0 SKIP=0 NO-OP=0 TOTAL=6
